SF:lib/core/platform/network_info.dart
DA:10,1
DA:12,1
DA:13,2
LF:3
LH:3
end_of_record
SF:lib/core/utils/input_converter.dart
DA:5,1
DA:7,1
DA:8,1
DA:11,1
DA:12,1
DA:13,2
DA:19,1
DA:20,1
LF:8
LH:8
end_of_record
SF:lib/core/errors/failures.dart
DA:4,3
DA:11,1
DA:12,1
DA:16,1
DA:17,1
LF:5
LH:5
end_of_record
SF:lib/features/number_trivia/data/datasources/number_trivia_remote_data_source.dart
DA:23,1
DA:26,1
DA:27,2
DA:28,3
DA:30,1
DA:33,2
DA:34,3
DA:36,1
DA:41,1
DA:42,1
DA:43,3
DA:45,1
DA:48,2
DA:49,3
DA:51,1
LF:15
LH:15
end_of_record
SF:lib/features/number_trivia/data/models/number_trivia_model.dart
DA:4,6
DA:7,3
DA:12,3
DA:13,3
DA:14,3
DA:15,6
DA:19,2
DA:20,2
DA:21,2
DA:22,2
LF:10
LH:10
end_of_record
SF:lib/features/number_trivia/data/datasources/number_trivia_local_data_source.dart
DA:24,1
DA:26,1
DA:28,2
DA:30,3
DA:32,1
DA:36,1
DA:38,2
DA:40,2
LF:8
LH:8
end_of_record
SF:lib/features/number_trivia/domain/entities/number_trivia.dart
DA:7,9
DA:12,3
DA:13,9
LF:3
LH:3
end_of_record
SF:lib/features/number_trivia/data/repositories/number_trivia_repository_impl.dart
DA:18,1
DA:25,1
DA:27,3
DA:28,2
DA:33,1
DA:34,3
DA:35,2
DA:39,1
DA:42,3
DA:44,2
DA:45,2
DA:46,1
DA:47,1
DA:48,2
DA:52,3
DA:53,1
DA:54,1
DA:55,2
LF:18
LH:18
end_of_record
SF:lib/core/usecases/usecase.dart
DA:10,1
DA:11,1
LF:2
LH:2
end_of_record
SF:lib/features/number_trivia/domain/usecases/get_random_number_trivia.dart
DA:10,1
DA:13,1
DA:14,3
LF:3
LH:3
end_of_record
SF:lib/features/number_trivia/domain/usecases/get_concrete_number_trivia.dart
DA:11,1
DA:14,1
DA:15,4
DA:22,3
DA:24,1
DA:25,2
LF:6
LH:6
end_of_record
SF:lib/features/number_trivia/presentation/bloc/number_trivia_event.dart
DA:4,2
DA:10,1
LF:2
LH:2
end_of_record
SF:lib/features/number_trivia/presentation/bloc/number_trivia_state.dart
DA:4,3
DA:6,1
DA:7,1
DA:17,2
DA:23,3
LF:5
LH:5
end_of_record
SF:lib/features/number_trivia/presentation/bloc/number_trivia_bloc.dart
DA:25,1
DA:29,2
DA:30,2
DA:32,3
DA:33,1
DA:34,1
DA:35,1
DA:36,2
DA:39,2
DA:40,6
DA:44,1
DA:46,2
DA:47,4
DA:50,1
DA:51,2
DA:52,2
DA:53,2
DA:54,3
DA:55,2
DA:59,1
DA:60,1
DA:61,1
DA:62,1
DA:64,1
LF:24
LH:24
end_of_record
